{"D:\\work\\pubsub\\test.js":{"path":"D:\\work\\pubsub\\test.js","s":{"1":1,"2":1,"3":1,"4":1,"5":1,"6":1,"7":1,"8":4,"9":1,"10":12,"11":1,"12":12,"13":1,"14":1,"15":1,"16":1,"17":1,"18":1,"19":1,"20":1,"21":1,"22":1,"23":1,"24":1,"25":1,"26":1,"27":1,"28":1,"29":1,"30":1,"31":1,"32":1,"33":1,"34":1,"35":1,"36":1,"37":1,"38":1,"39":1,"40":1,"41":1,"42":1,"43":1,"44":1,"45":1,"46":1,"47":1,"48":1,"49":1,"50":1,"51":1,"52":1,"53":1,"54":1,"55":1,"56":1,"57":1,"58":1,"59":1,"60":1,"61":1,"62":1,"63":1,"64":1,"65":1,"66":1,"67":1,"68":1,"69":1,"70":1,"71":1,"72":1,"73":3,"74":1,"75":1,"76":1,"77":1,"78":1,"79":1,"80":1,"81":1,"82":1,"83":1,"84":1,"85":1,"86":2,"87":1,"88":1,"89":1,"90":1,"91":1,"92":1,"93":1,"94":1,"95":1,"96":1,"97":1,"98":1,"99":3,"100":1,"101":2,"102":1,"103":1,"104":1,"105":1,"106":1,"107":1,"108":1,"109":1,"110":1,"111":1},"b":{},"f":{"1":1,"2":4,"3":12,"4":12,"5":1,"6":1,"7":0,"8":1,"9":1,"10":1,"11":1,"12":1,"13":1,"14":1,"15":1,"16":1,"17":1,"18":1,"19":1,"20":1,"21":1,"22":1,"23":3,"24":1,"25":2,"26":1,"27":3,"28":2},"fnMap":{"1":{"name":"(anonymous_1)","line":4,"loc":{"start":{"line":4,"column":19},"end":{"line":4,"column":30}}},"2":{"name":"(anonymous_2)","line":8,"loc":{"start":{"line":8,"column":16},"end":{"line":8,"column":28}}},"3":{"name":"(anonymous_3)","line":11,"loc":{"start":{"line":11,"column":13},"end":{"line":11,"column":23}}},"4":{"name":"(anonymous_4)","line":14,"loc":{"start":{"line":14,"column":12},"end":{"line":14,"column":22}}},"5":{"name":"(anonymous_5)","line":18,"loc":{"start":{"line":18,"column":56},"end":{"line":18,"column":67}}},"6":{"name":"(anonymous_6)","line":22,"loc":{"start":{"line":22,"column":46},"end":{"line":22,"column":57}}},"7":{"name":"(anonymous_7)","line":23,"loc":{"start":{"line":23,"column":19},"end":{"line":23,"column":31}}},"8":{"name":"(anonymous_8)","line":28,"loc":{"start":{"line":28,"column":50},"end":{"line":28,"column":61}}},"9":{"name":"(anonymous_9)","line":34,"loc":{"start":{"line":34,"column":55},"end":{"line":34,"column":66}}},"10":{"name":"(anonymous_10)","line":41,"loc":{"start":{"line":41,"column":70},"end":{"line":41,"column":81}}},"11":{"name":"(anonymous_11)","line":48,"loc":{"start":{"line":48,"column":37},"end":{"line":48,"column":48}}},"12":{"name":"(anonymous_12)","line":49,"loc":{"start":{"line":49,"column":18},"end":{"line":49,"column":41}}},"13":{"name":"(anonymous_13)","line":57,"loc":{"start":{"line":57,"column":53},"end":{"line":57,"column":64}}},"14":{"name":"(anonymous_14)","line":61,"loc":{"start":{"line":61,"column":18},"end":{"line":61,"column":34}}},"15":{"name":"(anonymous_15)","line":70,"loc":{"start":{"line":70,"column":80},"end":{"line":70,"column":92}}},"16":{"name":"(anonymous_16)","line":71,"loc":{"start":{"line":71,"column":14},"end":{"line":71,"column":26}}},"17":{"name":"(anonymous_17)","line":75,"loc":{"start":{"line":75,"column":28},"end":{"line":75,"column":40}}},"18":{"name":"(anonymous_18)","line":78,"loc":{"start":{"line":78,"column":29},"end":{"line":78,"column":41}}},"19":{"name":"(anonymous_19)","line":87,"loc":{"start":{"line":87,"column":43},"end":{"line":87,"column":54}}},"20":{"name":"(anonymous_20)","line":91,"loc":{"start":{"line":91,"column":18},"end":{"line":91,"column":30}}},"21":{"name":"(anonymous_21)","line":94,"loc":{"start":{"line":94,"column":19},"end":{"line":94,"column":42}}},"22":{"name":"(anonymous_22)","line":107,"loc":{"start":{"line":107,"column":65},"end":{"line":107,"column":76}}},"23":{"name":"(anonymous_23)","line":111,"loc":{"start":{"line":111,"column":18},"end":{"line":111,"column":30}}},"24":{"name":"(anonymous_24)","line":127,"loc":{"start":{"line":127,"column":54},"end":{"line":127,"column":65}}},"25":{"name":"(anonymous_25)","line":131,"loc":{"start":{"line":131,"column":18},"end":{"line":131,"column":30}}},"26":{"name":"(anonymous_26)","line":147,"loc":{"start":{"line":147,"column":60},"end":{"line":147,"column":71}}},"27":{"name":"(anonymous_27)","line":151,"loc":{"start":{"line":151,"column":18},"end":{"line":151,"column":30}}},"28":{"name":"(anonymous_28)","line":154,"loc":{"start":{"line":154,"column":19},"end":{"line":154,"column":31}}}},"statementMap":{"1":{"start":{"line":1,"column":0},"end":{"line":1,"column":35}},"2":{"start":{"line":2,"column":0},"end":{"line":2,"column":36}},"3":{"start":{"line":4,"column":0},"end":{"line":171,"column":3}},"4":{"start":{"line":5,"column":2},"end":{"line":5,"column":30}},"5":{"start":{"line":6,"column":2},"end":{"line":6,"column":28}},"6":{"start":{"line":7,"column":2},"end":{"line":7,"column":12}},"7":{"start":{"line":8,"column":2},"end":{"line":10,"column":4}},"8":{"start":{"line":9,"column":4},"end":{"line":9,"column":12}},"9":{"start":{"line":11,"column":2},"end":{"line":13,"column":5}},"10":{"start":{"line":12,"column":4},"end":{"line":12,"column":14}},"11":{"start":{"line":14,"column":2},"end":{"line":16,"column":5}},"12":{"start":{"line":15,"column":4},"end":{"line":15,"column":19}},"13":{"start":{"line":18,"column":2},"end":{"line":20,"column":5}},"14":{"start":{"line":19,"column":4},"end":{"line":19,"column":51}},"15":{"start":{"line":22,"column":2},"end":{"line":26,"column":5}},"16":{"start":{"line":23,"column":4},"end":{"line":23,"column":34}},"17":{"start":{"line":24,"column":4},"end":{"line":24,"column":33}},"18":{"start":{"line":25,"column":4},"end":{"line":25,"column":63}},"19":{"start":{"line":28,"column":2},"end":{"line":32,"column":5}},"20":{"start":{"line":29,"column":4},"end":{"line":29,"column":32}},"21":{"start":{"line":30,"column":4},"end":{"line":30,"column":33}},"22":{"start":{"line":31,"column":4},"end":{"line":31,"column":27}},"23":{"start":{"line":34,"column":2},"end":{"line":39,"column":5}},"24":{"start":{"line":35,"column":4},"end":{"line":35,"column":32}},"25":{"start":{"line":36,"column":4},"end":{"line":36,"column":32}},"26":{"start":{"line":37,"column":4},"end":{"line":37,"column":33}},"27":{"start":{"line":38,"column":4},"end":{"line":38,"column":27}},"28":{"start":{"line":41,"column":2},"end":{"line":46,"column":5}},"29":{"start":{"line":42,"column":4},"end":{"line":42,"column":32}},"30":{"start":{"line":43,"column":4},"end":{"line":43,"column":45}},"31":{"start":{"line":44,"column":4},"end":{"line":44,"column":33}},"32":{"start":{"line":45,"column":4},"end":{"line":45,"column":27}},"33":{"start":{"line":48,"column":2},"end":{"line":55,"column":5}},"34":{"start":{"line":49,"column":4},"end":{"line":51,"column":6}},"35":{"start":{"line":50,"column":6},"end":{"line":50,"column":20}},"36":{"start":{"line":52,"column":4},"end":{"line":52,"column":32}},"37":{"start":{"line":53,"column":4},"end":{"line":53,"column":31}},"38":{"start":{"line":54,"column":4},"end":{"line":54,"column":27}},"39":{"start":{"line":57,"column":2},"end":{"line":68,"column":5}},"40":{"start":{"line":58,"column":4},"end":{"line":60,"column":6}},"41":{"start":{"line":61,"column":4},"end":{"line":63,"column":6}},"42":{"start":{"line":62,"column":6},"end":{"line":62,"column":21}},"43":{"start":{"line":64,"column":4},"end":{"line":64,"column":41}},"44":{"start":{"line":65,"column":4},"end":{"line":65,"column":34}},"45":{"start":{"line":66,"column":4},"end":{"line":66,"column":35}},"46":{"start":{"line":70,"column":2},"end":{"line":85,"column":5}},"47":{"start":{"line":71,"column":4},"end":{"line":73,"column":6}},"48":{"start":{"line":72,"column":6},"end":{"line":72,"column":21}},"49":{"start":{"line":74,"column":4},"end":{"line":74,"column":52}},"50":{"start":{"line":75,"column":4},"end":{"line":77,"column":6}},"51":{"start":{"line":76,"column":6},"end":{"line":76,"column":21}},"52":{"start":{"line":78,"column":4},"end":{"line":80,"column":5}},"53":{"start":{"line":79,"column":6},"end":{"line":79,"column":24}},"54":{"start":{"line":81,"column":4},"end":{"line":81,"column":24}},"55":{"start":{"line":82,"column":4},"end":{"line":82,"column":31}},"56":{"start":{"line":83,"column":4},"end":{"line":83,"column":29}},"57":{"start":{"line":84,"column":4},"end":{"line":84,"column":36}},"58":{"start":{"line":87,"column":2},"end":{"line":105,"column":5}},"59":{"start":{"line":88,"column":4},"end":{"line":90,"column":6}},"60":{"start":{"line":91,"column":4},"end":{"line":93,"column":6}},"61":{"start":{"line":92,"column":6},"end":{"line":92,"column":19}},"62":{"start":{"line":94,"column":4},"end":{"line":96,"column":6}},"63":{"start":{"line":95,"column":6},"end":{"line":95,"column":25}},"64":{"start":{"line":97,"column":4},"end":{"line":97,"column":41}},"65":{"start":{"line":98,"column":4},"end":{"line":98,"column":42}},"66":{"start":{"line":100,"column":4},"end":{"line":100,"column":31}},"67":{"start":{"line":101,"column":4},"end":{"line":101,"column":19}},"68":{"start":{"line":102,"column":4},"end":{"line":102,"column":28}},"69":{"start":{"line":103,"column":4},"end":{"line":103,"column":35}},"70":{"start":{"line":107,"column":2},"end":{"line":125,"column":5}},"71":{"start":{"line":108,"column":4},"end":{"line":110,"column":6}},"72":{"start":{"line":111,"column":4},"end":{"line":113,"column":6}},"73":{"start":{"line":112,"column":6},"end":{"line":112,"column":19}},"74":{"start":{"line":114,"column":4},"end":{"line":114,"column":44}},"75":{"start":{"line":115,"column":4},"end":{"line":115,"column":44}},"76":{"start":{"line":117,"column":4},"end":{"line":117,"column":31}},"77":{"start":{"line":118,"column":4},"end":{"line":118,"column":31}},"78":{"start":{"line":119,"column":4},"end":{"line":119,"column":35}},"79":{"start":{"line":120,"column":4},"end":{"line":120,"column":27}},"80":{"start":{"line":121,"column":4},"end":{"line":121,"column":31}},"81":{"start":{"line":122,"column":4},"end":{"line":122,"column":31}},"82":{"start":{"line":123,"column":4},"end":{"line":123,"column":35}},"83":{"start":{"line":127,"column":2},"end":{"line":145,"column":5}},"84":{"start":{"line":128,"column":4},"end":{"line":130,"column":6}},"85":{"start":{"line":131,"column":4},"end":{"line":133,"column":6}},"86":{"start":{"line":132,"column":6},"end":{"line":132,"column":19}},"87":{"start":{"line":134,"column":4},"end":{"line":134,"column":44}},"88":{"start":{"line":135,"column":4},"end":{"line":135,"column":44}},"89":{"start":{"line":137,"column":4},"end":{"line":137,"column":31}},"90":{"start":{"line":138,"column":4},"end":{"line":138,"column":31}},"91":{"start":{"line":139,"column":4},"end":{"line":139,"column":35}},"92":{"start":{"line":140,"column":4},"end":{"line":140,"column":26}},"93":{"start":{"line":141,"column":4},"end":{"line":141,"column":31}},"94":{"start":{"line":142,"column":4},"end":{"line":142,"column":31}},"95":{"start":{"line":143,"column":4},"end":{"line":143,"column":35}},"96":{"start":{"line":147,"column":2},"end":{"line":169,"column":5}},"97":{"start":{"line":148,"column":4},"end":{"line":150,"column":6}},"98":{"start":{"line":151,"column":4},"end":{"line":153,"column":6}},"99":{"start":{"line":152,"column":6},"end":{"line":152,"column":19}},"100":{"start":{"line":154,"column":4},"end":{"line":156,"column":6}},"101":{"start":{"line":155,"column":6},"end":{"line":155,"column":19}},"102":{"start":{"line":157,"column":4},"end":{"line":157,"column":44}},"103":{"start":{"line":158,"column":4},"end":{"line":158,"column":45}},"104":{"start":{"line":159,"column":4},"end":{"line":159,"column":44}},"105":{"start":{"line":161,"column":4},"end":{"line":161,"column":31}},"106":{"start":{"line":162,"column":4},"end":{"line":162,"column":31}},"107":{"start":{"line":163,"column":4},"end":{"line":163,"column":35}},"108":{"start":{"line":164,"column":4},"end":{"line":164,"column":36}},"109":{"start":{"line":165,"column":4},"end":{"line":165,"column":31}},"110":{"start":{"line":166,"column":4},"end":{"line":166,"column":31}},"111":{"start":{"line":167,"column":4},"end":{"line":167,"column":35}}},"branchMap":{}},"D:\\work\\pubsub\\index.js":{"path":"D:\\work\\pubsub\\index.js","s":{"1":1,"2":1,"3":0,"4":1,"5":1,"6":0,"7":1,"8":1,"9":20,"10":20,"11":1,"12":19,"13":19,"14":19,"15":19,"16":19,"17":18,"18":18,"19":18,"20":18,"21":1,"22":3,"23":3,"24":3,"25":16,"26":13,"27":3,"28":2,"29":1,"30":1,"31":1,"32":2,"33":1,"34":1,"35":1},"b":{"1":[0,1],"2":[1,0],"3":[1,0],"4":[1,19],"5":[20,20],"6":[19,0],"7":[18,1],"8":[18,15],"9":[18,8],"10":[3,0],"11":[13,3],"12":[2,1],"13":[1,1],"14":[1,0],"15":[1,0],"16":[1,1,1]},"f":{"1":1,"2":1,"3":1,"4":20,"5":18,"6":16,"7":3},"fnMap":{"1":{"name":"(anonymous_1)","line":7,"loc":{"start":{"line":7,"column":1},"end":{"line":7,"column":25}}},"2":{"name":"(anonymous_2)","line":20,"loc":{"start":{"line":20,"column":8},"end":{"line":20,"column":19}}},"3":{"name":"(anonymous_3)","line":23,"loc":{"start":{"line":23,"column":15},"end":{"line":23,"column":26}}},"4":{"name":"(anonymous_4)","line":26,"loc":{"start":{"line":26,"column":13},"end":{"line":26,"column":24}}},"5":{"name":"(anonymous_5)","line":41,"loc":{"start":{"line":41,"column":8},"end":{"line":41,"column":39}}},"6":{"name":"(anonymous_6)","line":52,"loc":{"start":{"line":52,"column":9},"end":{"line":52,"column":31}}},"7":{"name":"remover","line":53,"loc":{"start":{"line":53,"column":6},"end":{"line":53,"column":37}}}},"statementMap":{"1":{"start":{"line":7,"column":0},"end":{"line":78,"column":4}},"2":{"start":{"line":8,"column":2},"end":{"line":19,"column":3}},"3":{"start":{"line":10,"column":4},"end":{"line":10,"column":24}},"4":{"start":{"line":11,"column":9},"end":{"line":19,"column":3}},"5":{"start":{"line":15,"column":4},"end":{"line":15,"column":31}},"6":{"start":{"line":18,"column":4},"end":{"line":18,"column":28}},"7":{"start":{"line":23,"column":2},"end":{"line":23,"column":29}},"8":{"start":{"line":25,"column":2},"end":{"line":74,"column":4}},"9":{"start":{"line":27,"column":6},"end":{"line":27,"column":31}},"10":{"start":{"line":28,"column":6},"end":{"line":30,"column":7}},"11":{"start":{"line":29,"column":8},"end":{"line":29,"column":21}},"12":{"start":{"line":32,"column":6},"end":{"line":32,"column":43}},"13":{"start":{"line":33,"column":6},"end":{"line":33,"column":53}},"14":{"start":{"line":35,"column":6},"end":{"line":37,"column":7}},"15":{"start":{"line":36,"column":8},"end":{"line":36,"column":77}},"16":{"start":{"line":39,"column":6},"end":{"line":39,"column":18}},"17":{"start":{"line":42,"column":6},"end":{"line":42,"column":40}},"18":{"start":{"line":43,"column":6},"end":{"line":43,"column":54}},"19":{"start":{"line":45,"column":6},"end":{"line":48,"column":9}},"20":{"start":{"line":50,"column":6},"end":{"line":50,"column":18}},"21":{"start":{"line":53,"column":6},"end":{"line":59,"column":7}},"22":{"start":{"line":54,"column":8},"end":{"line":58,"column":9}},"23":{"start":{"line":55,"column":10},"end":{"line":57,"column":11}},"24":{"start":{"line":56,"column":12},"end":{"line":56,"column":35}},"25":{"start":{"line":60,"column":6},"end":{"line":72,"column":7}},"26":{"start":{"line":61,"column":8},"end":{"line":61,"column":25}},"27":{"start":{"line":62,"column":13},"end":{"line":72,"column":7}},"28":{"start":{"line":63,"column":8},"end":{"line":69,"column":9}},"29":{"start":{"line":64,"column":10},"end":{"line":64,"column":41}},"30":{"start":{"line":65,"column":15},"end":{"line":69,"column":9}},"31":{"start":{"line":66,"column":10},"end":{"line":68,"column":11}},"32":{"start":{"line":67,"column":12},"end":{"line":67,"column":50}},"33":{"start":{"line":70,"column":13},"end":{"line":72,"column":7}},"34":{"start":{"line":71,"column":8},"end":{"line":71,"column":42}},"35":{"start":{"line":76,"column":2},"end":{"line":76,"column":16}}},"branchMap":{"1":{"line":8,"type":"if","locations":[{"start":{"line":8,"column":2},"end":{"line":8,"column":2}},{"start":{"line":8,"column":2},"end":{"line":8,"column":2}}]},"2":{"line":8,"type":"binary-expr","locations":[{"start":{"line":8,"column":6},"end":{"line":8,"column":34}},{"start":{"line":8,"column":38},"end":{"line":8,"column":48}}]},"3":{"line":11,"type":"if","locations":[{"start":{"line":11,"column":9},"end":{"line":11,"column":9}},{"start":{"line":11,"column":9},"end":{"line":11,"column":9}}]},"4":{"line":28,"type":"if","locations":[{"start":{"line":28,"column":6},"end":{"line":28,"column":6}},{"start":{"line":28,"column":6},"end":{"line":28,"column":6}}]},"5":{"line":28,"type":"binary-expr","locations":[{"start":{"line":28,"column":10},"end":{"line":28,"column":22}},{"start":{"line":28,"column":26},"end":{"line":28,"column":45}}]},"6":{"line":33,"type":"cond-expr","locations":[{"start":{"line":33,"column":30},"end":{"line":33,"column":48}},{"start":{"line":33,"column":51},"end":{"line":33,"column":52}}]},"7":{"line":42,"type":"binary-expr","locations":[{"start":{"line":42,"column":6},"end":{"line":42,"column":17}},{"start":{"line":42,"column":22},"end":{"line":42,"column":38}}]},"8":{"line":43,"type":"binary-expr","locations":[{"start":{"line":43,"column":6},"end":{"line":43,"column":24}},{"start":{"line":43,"column":29},"end":{"line":43,"column":52}}]},"9":{"line":47,"type":"binary-expr","locations":[{"start":{"line":47,"column":17},"end":{"line":47,"column":24}},{"start":{"line":47,"column":28},"end":{"line":47,"column":32}}]},"10":{"line":55,"type":"if","locations":[{"start":{"line":55,"column":10},"end":{"line":55,"column":10}},{"start":{"line":55,"column":10},"end":{"line":55,"column":10}}]},"11":{"line":60,"type":"if","locations":[{"start":{"line":60,"column":6},"end":{"line":60,"column":6}},{"start":{"line":60,"column":6},"end":{"line":60,"column":6}}]},"12":{"line":62,"type":"if","locations":[{"start":{"line":62,"column":13},"end":{"line":62,"column":13}},{"start":{"line":62,"column":13},"end":{"line":62,"column":13}}]},"13":{"line":63,"type":"if","locations":[{"start":{"line":63,"column":8},"end":{"line":63,"column":8}},{"start":{"line":63,"column":8},"end":{"line":63,"column":8}}]},"14":{"line":65,"type":"if","locations":[{"start":{"line":65,"column":15},"end":{"line":65,"column":15}},{"start":{"line":65,"column":15},"end":{"line":65,"column":15}}]},"15":{"line":70,"type":"if","locations":[{"start":{"line":70,"column":13},"end":{"line":70,"column":13}},{"start":{"line":70,"column":13},"end":{"line":70,"column":13}}]},"16":{"line":70,"type":"binary-expr","locations":[{"start":{"line":70,"column":17},"end":{"line":70,"column":39}},{"start":{"line":70,"column":43},"end":{"line":70,"column":76}},{"start":{"line":70,"column":80},"end":{"line":70,"column":115}}]}}}}